E:\杂-资料\DOCUMENTS\GITHUB\MYEASYPR\DEBUG\CHARS_SEGMENT.OBJ
E:\杂-资料\DOCUMENTS\GITHUB\MYEASYPR\DEBUG\FEATURE.OBJ
E:\杂-资料\DOCUMENTS\GITHUB\MYEASYPR\DEBUG\PLATE.OBJ
E:\杂-资料\DOCUMENTS\GITHUB\MYEASYPR\DEBUG\CORE_FUNC.OBJ
E:\杂-资料\DOCUMENTS\GITHUB\MYEASYPR\DEBUG\ACCURACY_TEST.OBJ
E:\杂-资料\DOCUMENTS\GITHUB\MYEASYPR\DEBUG\ANN_TRAIN.OBJ
E:\杂-资料\DOCUMENTS\GITHUB\MYEASYPR\DEBUG\SVM_TRAIN.OBJ
E:\杂-资料\DOCUMENTS\GITHUB\MYEASYPR\DEBUG\CPARSER.OBJ
E:\杂-资料\DOCUMENTS\GITHUB\MYEASYPR\DEBUG\DEFACE.OBJ
E:\杂-资料\DOCUMENTS\GITHUB\MYEASYPR\DEBUG\GENERAL_TEST_PREPARE.OBJ
E:\杂-资料\DOCUMENTS\GITHUB\MYEASYPR\DEBUG\GENERATE_GDTS.OBJ
E:\杂-资料\DOCUMENTS\GITHUB\MYEASYPR\DEBUG\MC_DATA_PREPARE.OBJ
E:\杂-资料\DOCUMENTS\GITHUB\MYEASYPR\DEBUG\MAIN.OBJ
E:\杂-资料\DOCUMENTS\GITHUB\MYEASYPR\DEBUG\TEST.OBJ
E:\杂-资料\DOCUMENTS\GITHUB\MYEASYPR\DEBUG\PLATE_DETECT.OBJ
E:\杂-资料\DOCUMENTS\GITHUB\MYEASYPR\DEBUG\PLATE_JUDGE.OBJ
E:\杂-资料\DOCUMENTS\GITHUB\MYEASYPR\DEBUG\PLATE_LOCATE.OBJ
E:\杂-资料\DOCUMENTS\GITHUB\MYEASYPR\DEBUG\PLATE_RECOGNIZE.OBJ
E:\杂-资料\DOCUMENTS\GITHUB\MYEASYPR\DEBUG\LEARN_PREPARE.OBJ
E:\杂-资料\DOCUMENTS\GITHUB\MYEASYPR\DEBUG\UTIL.OBJ
E:\杂-资料\DOCUMENTS\GITHUB\MYEASYPR\DEBUG\CHARS_IDENTIFY.OBJ
E:\杂-资料\DOCUMENTS\GITHUB\MYEASYPR\DEBUG\CHARS_RECOGNISE.OBJ
E:\杂-资料\DOCUMENTS\GITHUB\MYEASYPR\DEBUG\VC110.PDB
E:\杂-资料\DOCUMENTS\GITHUB\MYOPENCV\MYOPENCVSTUDY\DEBUG\EASYPR.ILK
E:\杂-资料\DOCUMENTS\GITHUB\MYOPENCV\MYOPENCVSTUDY\DEBUG\EASYPR.EXE
E:\杂-资料\DOCUMENTS\GITHUB\MYOPENCV\MYOPENCVSTUDY\DEBUG\EASYPR.PDB
E:\杂-资料\Documents\GitHub\MyEasyPR\Debug\accuracy_test.obj
E:\杂-资料\Documents\GitHub\MyEasyPR\Debug\ann_train.obj
E:\杂-资料\Documents\GitHub\MyEasyPR\Debug\chars_identify.obj
E:\杂-资料\Documents\GitHub\MyEasyPR\Debug\chars_recognise.obj
E:\杂-资料\Documents\GitHub\MyEasyPR\Debug\chars_segment.obj
E:\杂-资料\Documents\GitHub\MyEasyPR\Debug\core_func.obj
E:\杂-资料\Documents\GitHub\MyEasyPR\Debug\CParser.obj
E:\杂-资料\Documents\GitHub\MyEasyPR\Debug\deface.obj
E:\杂-资料\Documents\GitHub\MyEasyPR\Debug\feature.obj
E:\杂-资料\Documents\GitHub\MyEasyPR\Debug\general_test_prepare.obj
E:\杂-资料\Documents\GitHub\MyEasyPR\Debug\generate_gdts.obj
E:\杂-资料\Documents\GitHub\MyEasyPR\Debug\learn_prepare.obj
E:\杂-资料\Documents\GitHub\MyEasyPR\Debug\main.obj
E:\杂-资料\Documents\GitHub\MyEasyPR\Debug\mc_data_prepare.obj
E:\杂-资料\Documents\GitHub\MyEasyPR\Debug\plate.obj
E:\杂-资料\Documents\GitHub\MyEasyPR\Debug\plate_detect.obj
E:\杂-资料\Documents\GitHub\MyEasyPR\Debug\plate_judge.obj
E:\杂-资料\Documents\GitHub\MyEasyPR\Debug\plate_locate.obj
E:\杂-资料\Documents\GitHub\MyEasyPR\Debug\plate_recognize.obj
E:\杂-资料\Documents\GitHub\MyEasyPR\Debug\svm_train.obj
E:\杂-资料\Documents\GitHub\MyEasyPR\Debug\test.obj
E:\杂-资料\Documents\GitHub\MyEasyPR\Debug\util.obj
E:\杂-资料\Documents\GitHub\MyEasyPR\Debug\EasyPR.ilk
E:\杂-资料\Documents\GitHub\MyEasyPR\Debug\MyOpenCVStudy.ilk
E:\杂-资料\Documents\GitHub\MyEasyPR\Debug\cl.command.1.tlog
E:\杂-资料\Documents\GitHub\MyEasyPR\Debug\CL.read.1.tlog
E:\杂-资料\Documents\GitHub\MyEasyPR\Debug\CL.write.1.tlog
E:\杂-资料\Documents\GitHub\MyEasyPR\Debug\link-cvtres.read.1.tlog
E:\杂-资料\Documents\GitHub\MyEasyPR\Debug\link-cvtres.write.1.tlog
E:\杂-资料\Documents\GitHub\MyEasyPR\Debug\link-rc.read.1.tlog
E:\杂-资料\Documents\GitHub\MyEasyPR\Debug\link-rc.write.1.tlog
E:\杂-资料\Documents\GitHub\MyEasyPR\Debug\link.command.1.tlog
E:\杂-资料\Documents\GitHub\MyEasyPR\Debug\link.read.1.tlog
E:\杂-资料\Documents\GitHub\MyEasyPR\Debug\link.write.1.tlog
E:\杂-资料\Documents\GitHub\MyEasyPR\Debug\vc110.idb
E:\杂-资料\Documents\GitHub\MyEasyPR\Debug\EasyPR.pdb
E:\杂-资料\Documents\GitHub\MyEasyPR\Debug\MyOpenCVStudy.pdb
E:\杂-资料\Documents\GitHub\MyEasyPR\Debug\vc110.pdb
E:\杂-资料\Documents\GitHub\MyOpenCV\MyOpenCVStudy\Debug\EasyPR.pdb
E:\杂-资料\Documents\GitHub\MyOpenCV\MyOpenCVStudy\Debug\EasyPR.exe
E:\杂-资料\Documents\GitHub\MyOpenCV\MyOpenCVStudy\Debug\EasyPR.ilk
